Running: C:\Xilinx\14.7\ISE_DS\ISE\bin\nt64\unwrapped\fuse.exe -intstyle ise -incremental -lib unisims_ver -lib unimacro_ver -lib xilinxcorelib_ver -o C:/2020020910019/project_work3/top99_testbench_isim_beh.exe -prj C:/2020020910019/project_work3/top99_testbench_beh.prj work.top99_testbench work.glbl 
ISim P.20131013 (signature 0x7708f090)
Number of CPUs detected in this system: 4
Turning on mult-threading, number of parallel sub-compilation jobs: 8 
Determining compilation order of HDL files
Analyzing Verilog file "C:/2020020910019/project_work3/counter10.v" into library work
Analyzing Verilog file "C:/2020020910019/project_work3/top99.v" into library work
Analyzing Verilog file "C:/2020020910019/project_work3/top99_testbench.v" into library work
Analyzing Verilog file "C:/Xilinx/14.7/ISE_DS/ISE//verilog/src/glbl.v" into library work
Starting static elaboration
Completed static elaboration
Compiling module counter10
Compiling module top99
Compiling module top99_testbench
Compiling module glbl
Time Resolution for simulation is 1ps.
Waiting for 1 sub-compilation(s) to finish...
Compiled 4 Verilog Units
Built simulation executable C:/2020020910019/project_work3/top99_testbench_isim_beh.exe
Fuse Memory Usage: 28628 KB
Fuse CPU Usage: 326 ms
