
****** PlanAhead v14.7 (64-bit)
  **** Build 321239 by xbuild on Fri Sep 27 19:29:51 MDT 2013
    ** Copyright 1986-1999, 2001-2013 Xilinx, Inc. All Rights Reserved.

INFO: [Common 17-78] Attempting to get a license: PlanAhead
INFO: [Common 17-290] Got license for PlanAhead
INFO: [Device 21-36] Loading parts and site information from F:/xilinx/14.7/ISE_DS/PlanAhead/data/parts/arch.xml
Parsing RTL primitives file [F:/xilinx/14.7/ISE_DS/PlanAhead/data/parts/xilinx/rtl/prims/rtl_prims.xml]
Finished parsing RTL primitives file [F:/xilinx/14.7/ISE_DS/PlanAhead/data/parts/xilinx/rtl/prims/rtl_prims.xml]
start_gui
source E:/2020020910019/project_5/pa.fromHdl.tcl
# create_project -name project_5 -dir "E:/2020020910019/project_5/planAhead_run_3" -part xc3s100ecp132-5
# set_param project.pinAheadLayout yes
# set srcset [get_property srcset [current_run -impl]]
# set_property target_constrs_file "miaobiaotop.ucf" [current_fileset -constrset]
Adding file 'E:/2020020910019/project_5/miaobiaotop.ucf' to fileset 'constrs_1'
# set hdlfile [add_files [list {xiaodou.v}]]
# set_property file_type Verilog $hdlfile
# set_property library work $hdlfile
# set hdlfile [add_files [list {div1mhz.v}]]
# set_property file_type Verilog $hdlfile
# set_property library work $hdlfile
# set hdlfile [add_files [list {div1khz.v}]]
# set_property file_type Verilog $hdlfile
# set_property library work $hdlfile
# set hdlfile [add_files [list {div100hz.v}]]
# set_property file_type Verilog $hdlfile
# set_property library work $hdlfile
# set hdlfile [add_files [list {counter6.v}]]
# set_property file_type Verilog $hdlfile
# set_property library work $hdlfile
# set hdlfile [add_files [list {counter10.v}]]
# set_property file_type Verilog $hdlfile
# set_property library work $hdlfile
# set hdlfile [add_files [list {miaobiaotop.v}]]
# set_property file_type Verilog $hdlfile
# set_property library work $hdlfile
# set_property top miaobiaotop $srcset
# add_files [list {miaobiaotop.ucf}] -fileset [get_property constrset [current_run]]
# open_rtl_design -part xc3s100ecp132-5
Using Verific elaboration
Parsing VHDL file "F:/xilinx/14.7/ISE_DS/PlanAhead/data/parts/xilinx/rtl/lib/synplify/synattr.vhd" into library synplify
Analyzing Verilog file "E:/2020020910019/project_5/xiaodou.v" into library work
Analyzing Verilog file "E:/2020020910019/project_5/div1mhz.v" into library work
Analyzing Verilog file "E:/2020020910019/project_5/div1khz.v" into library work
Analyzing Verilog file "E:/2020020910019/project_5/div100hz.v" into library work
Analyzing Verilog file "E:/2020020910019/project_5/counter6.v" into library work
Analyzing Verilog file "E:/2020020910019/project_5/counter10.v" into library work
Analyzing Verilog file "E:/2020020910019/project_5/miaobiaotop.v" into library work
INFO: [Designutils 20-910] Reading macro library F:/xilinx/14.7/ISE_DS/PlanAhead/data\./parts/xilinx/spartan3e/spartan3e/hd_int_macros.edn
Parsing EDIF File [F:/xilinx/14.7/ISE_DS/PlanAhead/data\./parts/xilinx/spartan3e/spartan3e/hd_int_macros.edn]
Finished Parsing EDIF File [F:/xilinx/14.7/ISE_DS/PlanAhead/data\./parts/xilinx/spartan3e/spartan3e/hd_int_macros.edn]
Loading clock regions from F:/xilinx/14.7/ISE_DS/PlanAhead/data\parts/xilinx/spartan3e/spartan3e/xc3s100e/ClockRegion.xml
Loading clock buffers from F:/xilinx/14.7/ISE_DS/PlanAhead/data\parts/xilinx/spartan3e/spartan3e/xc3s100e/ClockBuffers.xml
Loading package from F:/xilinx/14.7/ISE_DS/PlanAhead/data\parts/xilinx/spartan3e/spartan3e/xc3s100e/cp132/Package.xml
Loading io standards from F:/xilinx/14.7/ISE_DS/PlanAhead/data\./parts/xilinx/spartan3e/IOStandards.xml
INFO: [Device 21-19] Loading pkg sso from F:/xilinx/14.7/ISE_DS/PlanAhead/data\parts/xilinx/spartan3e/spartan3e/xc3s100e/cp132/SSORules.xml
Loading list of drcs for the architecture : F:/xilinx/14.7/ISE_DS/PlanAhead/data\./parts/xilinx/spartan3e/spartan3e/drc.xml
INFO: [Timing 38-77] Reading timing library F:/xilinx/14.7/ISE_DS/PlanAhead/data\parts/xilinx/spartan3e/spartan3e/spartan3e-5.lib.
INFO: [Timing 38-34] Done reading timing library F:/xilinx/14.7/ISE_DS/PlanAhead/data\parts/xilinx/spartan3e/spartan3e/spartan3e-5.lib.
Parsing UCF File [E:/2020020910019/project_5/miaobiaotop.ucf]
Finished Parsing UCF File [E:/2020020910019/project_5/miaobiaotop.ucf]
INFO: [Project 1-111] Unisim Transformation Summary:
No Unisim elements were transformed.

Phase 0 | Netlist Checksum: 02e05409
open_rtl_design: Time (s): elapsed = 00:00:09 . Memory (MB): peak = 576.898 ; gain = 45.992
update_compile_order -fileset sim_1
set_property package_pin "" [get_ports [list  btn2]]
set_property is_loc_fixed false [get_ports [list  btn1]]
set_property is_loc_fixed true [get_ports [list  btn1]]
set_property iostandard LVCMOS33 [get_ports [list btn2]]
set_property is_loc_fixed false [get_ports [list  btn1]]
set_property is_loc_fixed false [get_ports [list  btn0]]
exit
ERROR: [Common 17-39] 'stop_gui' failed due to earlier errors.
INFO: [Common 17-206] Exiting PlanAhead at Sun Nov 27 10:40:06 2022...
INFO: [Common 17-83] Releasing license: PlanAhead
