
****** PlanAhead v14.7 (64-bit)
  **** Build 321239 by xbuild on Fri Sep 27 19:29:51 MDT 2013
    ** Copyright 1986-1999, 2001-2013 Xilinx, Inc. All Rights Reserved.

INFO: [Common 17-78] Attempting to get a license: PlanAhead
INFO: [Common 17-290] Got license for PlanAhead
INFO: [Device 21-36] Loading parts and site information from C:/Xilinx/14.7/ISE_DS/PlanAhead/data/parts/arch.xml
Parsing RTL primitives file [C:/Xilinx/14.7/ISE_DS/PlanAhead/data/parts/xilinx/rtl/prims/rtl_prims.xml]
Finished parsing RTL primitives file [C:/Xilinx/14.7/ISE_DS/PlanAhead/data/parts/xilinx/rtl/prims/rtl_prims.xml]
start_gui
source C:/2020020910019/project_work3/pa.fromHdl.tcl
# create_project -name project_work3 -dir "C:/2020020910019/project_work3/planAhead_run_1" -part xc3s100ecp132-5
# set_param project.pinAheadLayout yes
# set srcset [get_property srcset [current_run -impl]]
# set_property target_constrs_file "top99.ucf" [current_fileset -constrset]
Adding file 'C:/2020020910019/project_work3/top99.ucf' to fileset 'constrs_1'
# set hdlfile [add_files [list {counter10.v}]]
# set_property file_type Verilog $hdlfile
# set_property library work $hdlfile
# set hdlfile [add_files [list {top99.v}]]
# set_property file_type Verilog $hdlfile
# set_property library work $hdlfile
# set_property top top99 $srcset
# add_files [list {top99.ucf}] -fileset [get_property constrset [current_run]]
# open_rtl_design -part xc3s100ecp132-5
Using Verific elaboration
Parsing VHDL file "C:/Xilinx/14.7/ISE_DS/PlanAhead/data/parts/xilinx/rtl/lib/synplify/synattr.vhd" into library synplify
Analyzing Verilog file "C:/2020020910019/project_work3/counter10.v" into library work
Analyzing Verilog file "C:/2020020910019/project_work3/top99.v" into library work
INFO: [Designutils 20-910] Reading macro library C:/Xilinx/14.7/ISE_DS/PlanAhead/data\./parts/xilinx/spartan3e/spartan3e/hd_int_macros.edn
Parsing EDIF File [C:/Xilinx/14.7/ISE_DS/PlanAhead/data\./parts/xilinx/spartan3e/spartan3e/hd_int_macros.edn]
Finished Parsing EDIF File [C:/Xilinx/14.7/ISE_DS/PlanAhead/data\./parts/xilinx/spartan3e/spartan3e/hd_int_macros.edn]
Loading clock regions from C:/Xilinx/14.7/ISE_DS/PlanAhead/data\parts/xilinx/spartan3e/spartan3e/xc3s100e/ClockRegion.xml
Loading clock buffers from C:/Xilinx/14.7/ISE_DS/PlanAhead/data\parts/xilinx/spartan3e/spartan3e/xc3s100e/ClockBuffers.xml
Loading package from C:/Xilinx/14.7/ISE_DS/PlanAhead/data\parts/xilinx/spartan3e/spartan3e/xc3s100e/cp132/Package.xml
Loading io standards from C:/Xilinx/14.7/ISE_DS/PlanAhead/data\./parts/xilinx/spartan3e/IOStandards.xml
INFO: [Device 21-19] Loading pkg sso from C:/Xilinx/14.7/ISE_DS/PlanAhead/data\parts/xilinx/spartan3e/spartan3e/xc3s100e/cp132/SSORules.xml
Loading list of drcs for the architecture : C:/Xilinx/14.7/ISE_DS/PlanAhead/data\./parts/xilinx/spartan3e/spartan3e/drc.xml
INFO: [Timing 38-77] Reading timing library C:/Xilinx/14.7/ISE_DS/PlanAhead/data\parts/xilinx/spartan3e/spartan3e/spartan3e-5.lib.
INFO: [Timing 38-34] Done reading timing library C:/Xilinx/14.7/ISE_DS/PlanAhead/data\parts/xilinx/spartan3e/spartan3e/spartan3e-5.lib.
Parsing UCF File [C:/2020020910019/project_work3/top99.ucf]
Finished Parsing UCF File [C:/2020020910019/project_work3/top99.ucf]
INFO: [Project 1-111] Unisim Transformation Summary:
No Unisim elements were transformed.

Phase 0 | Netlist Checksum: f33e9149
update_compile_order -fileset sim_1
set_property iostandard LVCMOS33 [get_ports [list {seg[6]} {seg[5]} {seg[4]} {seg[3]} {seg[2]} {seg[1]} {seg[0]}]]
set_property iostandard LVCMOS33 [get_ports [list {sel[1]} {sel[0]}]]
set_property iostandard LVCMOS33 [get_ports [list clk_50mhz]]
set_property iostandard LVCMOS33 [get_ports [list en]]
set_property iostandard LVCMOS33 [get_ports [list rst]]
set_property package_pin "" [get_ports [list  {seg[6]}]]
set_property package_pin "" [get_ports [list  {seg[5]}]]
startgroup
set_property package_pin L14 [get_ports {seg[6]}]
endgroup
startgroup
set_property package_pin H12 [get_ports {seg[5]}]
endgroup
startgroup
set_property package_pin N14 [get_ports {seg[4]}]
endgroup
startgroup
set_property package_pin P12 [get_ports {seg[3]}]
endgroup
set_property package_pin "" [get_ports [list  {seg[2]}]]
startgroup
set_property package_pin P12 [get_ports {seg[3]}]
endgroup
startgroup
set_property package_pin L13 [get_ports {seg[2]}]
endgroup
startgroup
set_property package_pin M12 [get_ports {seg[1]}]
endgroup
set_property package_pin "" [get_ports [list  {seg[0]}]]
startgroup
set_property package_pin M12 [get_ports {seg[1]}]
endgroup
startgroup
set_property package_pin L14 [get_ports {seg[6]}]
endgroup
startgroup
set_property package_pin N14 [get_ports {seg[4]}]
endgroup
startgroup
set_property package_pin H12 [get_ports {seg[5]}]
endgroup
startgroup
set_property package_pin P12 [get_ports {seg[3]}]
endgroup
startgroup
set_property package_pin N14 [get_ports {seg[4]}]
endgroup
startgroup
set_property package_pin P12 [get_ports {seg[3]}]
endgroup
startgroup
set_property package_pin N14 [get_ports {seg[4]}]
endgroup
startgroup
set_property package_pin N11 [get_ports {seg[3]}]
endgroup
startgroup
set_property package_pin P12 [get_ports {seg[2]}]
endgroup
startgroup
set_property package_pin M12 [get_ports {seg[1]}]
endgroup
set_property package_pin "" [get_ports [list  {seg[0]}]]
startgroup
set_property package_pin M12 [get_ports {seg[1]}]
endgroup
startgroup
set_property package_pin P12 [get_ports {seg[2]}]
endgroup
startgroup
set_property package_pin L13 [get_ports {seg[1]}]
endgroup
startgroup
set_property package_pin M12 [get_ports {seg[0]}]
endgroup
startgroup
set_property package_pin L13 [get_ports {seg[1]}]
endgroup
startgroup
set_property package_pin P12 [get_ports {seg[2]}]
endgroup
startgroup
set_property package_pin K14 [get_ports {sel[1]}]
endgroup
startgroup
set_property package_pin M13 [get_ports {sel[0]}]
endgroup
startgroup
set_property package_pin B8 [get_ports clk_50mhz]
endgroup
startgroup
set_property package_pin P11 [get_ports en]
endgroup
startgroup
set_property package_pin L3 [get_ports rst]
endgroup
save_constraints
exit
ERROR: [Common 17-39] 'stop_gui' failed due to earlier errors.
INFO: [Common 17-206] Exiting PlanAhead at Thu Feb 06 16:22:51 2003...
INFO: [Common 17-83] Releasing license: PlanAhead
