#-----------------------------------------------------------
# PlanAhead v14.7 (64-bit)
# Build 321239 by xbuild on Fri Sep 27 19:29:51 MDT 2013
# Start of session at: Thu Feb 06 13:30:33 2003
# Process ID: 4216
# Log file: C:/2020020910019/project_2_01/planAhead_run_3/planAhead.log
# Journal file: C:/2020020910019/project_2_01/planAhead_run_3/planAhead.jou
#-----------------------------------------------------------
INFO: [Common 17-78] Attempting to get a license: PlanAhead
INFO: [Common 17-290] Got license for PlanAhead
INFO: [Device 21-36] Loading parts and site information from C:/Xilinx/14.7/ISE_DS/PlanAhead/data/parts/arch.xml
Parsing RTL primitives file [C:/Xilinx/14.7/ISE_DS/PlanAhead/data/parts/xilinx/rtl/prims/rtl_prims.xml]
Finished parsing RTL primitives file [C:/Xilinx/14.7/ISE_DS/PlanAhead/data/parts/xilinx/rtl/prims/rtl_prims.xml]
start_gui
source C:/2020020910019/project_2_01/pa.fromHdl.tcl
# create_project -name project_2_01 -dir "C:/2020020910019/project_2_01/planAhead_run_3" -part xc3s100ecp132-5
# set_param project.pinAheadLayout yes
# set srcset [get_property srcset [current_run -impl]]
# set_property target_constrs_file "fpq_led8.ucf" [current_fileset -constrset]
Adding file 'C:/2020020910019/project_2_01/fpq_led8.ucf' to fileset 'constrs_1'
# set hdlfile [add_files [list {xiaodou.v}]]
# set_property file_type Verilog $hdlfile
# set_property library work $hdlfile
# set hdlfile [add_files [list {work_3_top.v}]]
# set_property file_type Verilog $hdlfile
# set_property library work $hdlfile
# set_property top work_3_top $srcset
# add_files [list {fpq_led8.ucf}] -fileset [get_property constrset [current_run]]
# open_rtl_design -part xc3s100ecp132-5
Using Verific elaboration
Parsing VHDL file "C:/Xilinx/14.7/ISE_DS/PlanAhead/data/parts/xilinx/rtl/lib/synplify/synattr.vhd" into library synplify
Analyzing Verilog file "C:/2020020910019/project_2_01/xiaodou.v" into library work
Analyzing Verilog file "C:/2020020910019/project_2_01/work_3_top.v" into library work
INFO: [Designutils 20-910] Reading macro library C:/Xilinx/14.7/ISE_DS/PlanAhead/data\./parts/xilinx/spartan3e/spartan3e/hd_int_macros.edn
Parsing EDIF File [C:/Xilinx/14.7/ISE_DS/PlanAhead/data\./parts/xilinx/spartan3e/spartan3e/hd_int_macros.edn]
Finished Parsing EDIF File [C:/Xilinx/14.7/ISE_DS/PlanAhead/data\./parts/xilinx/spartan3e/spartan3e/hd_int_macros.edn]
Loading clock regions from C:/Xilinx/14.7/ISE_DS/PlanAhead/data\parts/xilinx/spartan3e/spartan3e/xc3s100e/ClockRegion.xml
Loading clock buffers from C:/Xilinx/14.7/ISE_DS/PlanAhead/data\parts/xilinx/spartan3e/spartan3e/xc3s100e/ClockBuffers.xml
Loading package from C:/Xilinx/14.7/ISE_DS/PlanAhead/data\parts/xilinx/spartan3e/spartan3e/xc3s100e/cp132/Package.xml
Loading io standards from C:/Xilinx/14.7/ISE_DS/PlanAhead/data\./parts/xilinx/spartan3e/IOStandards.xml
INFO: [Device 21-19] Loading pkg sso from C:/Xilinx/14.7/ISE_DS/PlanAhead/data\parts/xilinx/spartan3e/spartan3e/xc3s100e/cp132/SSORules.xml
Loading list of drcs for the architecture : C:/Xilinx/14.7/ISE_DS/PlanAhead/data\./parts/xilinx/spartan3e/spartan3e/drc.xml
INFO: [Timing 38-77] Reading timing library C:/Xilinx/14.7/ISE_DS/PlanAhead/data\parts/xilinx/spartan3e/spartan3e/spartan3e-5.lib.
INFO: [Timing 38-34] Done reading timing library C:/Xilinx/14.7/ISE_DS/PlanAhead/data\parts/xilinx/spartan3e/spartan3e/spartan3e-5.lib.
Parsing UCF File [C:/2020020910019/project_2_01/fpq_led8.ucf]
CRITICAL WARNING: [Constraints 18-11] Could not find net or pin 'led[7]' [C:/2020020910019/project_2_01/fpq_led8.ucf:3]
CRITICAL WARNING: [Constraints 18-11] Could not find net or pin 'led[6]' [C:/2020020910019/project_2_01/fpq_led8.ucf:4]
CRITICAL WARNING: [Constraints 18-11] Could not find net or pin 'led[5]' [C:/2020020910019/project_2_01/fpq_led8.ucf:5]
CRITICAL WARNING: [Constraints 18-11] Could not find net or pin 'led[4]' [C:/2020020910019/project_2_01/fpq_led8.ucf:6]
CRITICAL WARNING: [Constraints 18-11] Could not find net or pin 'led[3]' [C:/2020020910019/project_2_01/fpq_led8.ucf:7]
CRITICAL WARNING: [Constraints 18-11] Could not find net or pin 'led[2]' [C:/2020020910019/project_2_01/fpq_led8.ucf:8]
CRITICAL WARNING: [Constraints 18-11] Could not find net or pin 'led[1]' [C:/2020020910019/project_2_01/fpq_led8.ucf:9]
CRITICAL WARNING: [Constraints 18-11] Could not find net or pin 'led[0]' [C:/2020020910019/project_2_01/fpq_led8.ucf:10]
CRITICAL WARNING: [Constraints 18-11] Could not find net or pin 'clk_1hz' [C:/2020020910019/project_2_01/fpq_led8.ucf:11]
CRITICAL WARNING: [Constraints 18-11] Could not find net or pin 'start' [C:/2020020910019/project_2_01/fpq_led8.ucf:13]
CRITICAL WARNING: [Constraints 18-11] Could not find net or pin 'led[7]' [C:/2020020910019/project_2_01/fpq_led8.ucf:16]
CRITICAL WARNING: [Constraints 18-11] Could not find net or pin 'led[6]' [C:/2020020910019/project_2_01/fpq_led8.ucf:17]
CRITICAL WARNING: [Constraints 18-11] Could not find net or pin 'led[5]' [C:/2020020910019/project_2_01/fpq_led8.ucf:18]
CRITICAL WARNING: [Constraints 18-11] Could not find net or pin 'led[4]' [C:/2020020910019/project_2_01/fpq_led8.ucf:19]
CRITICAL WARNING: [Constraints 18-11] Could not find net or pin 'led[3]' [C:/2020020910019/project_2_01/fpq_led8.ucf:20]
CRITICAL WARNING: [Constraints 18-11] Could not find net or pin 'led[2]' [C:/2020020910019/project_2_01/fpq_led8.ucf:21]
CRITICAL WARNING: [Constraints 18-11] Could not find net or pin 'led[1]' [C:/2020020910019/project_2_01/fpq_led8.ucf:22]
CRITICAL WARNING: [Constraints 18-11] Could not find net or pin 'led[0]' [C:/2020020910019/project_2_01/fpq_led8.ucf:23]
CRITICAL WARNING: [Constraints 18-11] Could not find net or pin 'start' [C:/2020020910019/project_2_01/fpq_led8.ucf:28]
Finished Parsing UCF File [C:/2020020910019/project_2_01/fpq_led8.ucf]
INFO: [Designutils 20-20] Invalid constraints found, use command 'write_ucf -constraints invalid <file>' to save all the invalid constraints to a file
INFO: [Project 1-111] Unisim Transformation Summary:
No Unisim elements were transformed.

Phase 0 | Netlist Checksum: e560c6dd
update_compile_order -fileset sim_1
set_property package_pin "" [get_ports [list  {seg[6]}]]
set_property package_pin "" [get_ports [list  {seg[4]}]]
startgroup
set_property package_pin L14 [get_ports {seg[6]}]
endgroup
startgroup
set_property package_pin H12 [get_ports {seg[5]}]
endgroup
startgroup
set_property package_pin N14 [get_ports {seg[4]}]
endgroup
startgroup
set_property package_pin N11 [get_ports {seg[3]}]
endgroup
startgroup
set_property package_pin P12 [get_ports {seg[2]}]
endgroup
startgroup
set_property package_pin L13 [get_ports {seg[1]}]
endgroup
startgroup
set_property package_pin M12 [get_ports {seg[0]}]
endgroup
set_property iostandard LVCMOS33 [get_ports [list {seg[6]} {seg[5]} {seg[4]} {seg[3]} {seg[2]} {seg[1]} {seg[0]}]]
startgroup
set_property package_pin B8 [get_ports clk_50mhz]
endgroup
set_property package_pin "" [get_ports [list  key0]]
startgroup
set_property package_pin B8 [get_ports clk_50mhz]
endgroup
startgroup
set_property package_pin G12 [get_ports key0]
endgroup
set_property iostandard LVCMOS25 [get_ports [list key0]]
startgroup
set_property package_pin B8 [get_ports clk_50mhz]
endgroup
set_property iostandard LVCMOS33 [get_ports [list key0]]
set_property iostandard LVCMOS33 [get_ports [list btn0]]
set_property package_pin "" [get_ports [list  btn0]]
startgroup
set_property package_pin F12 [get_ports key0]
endgroup
startgroup
set_property package_pin G12 [get_ports btn0]
endgroup
save_constraints
exit
ERROR: [PlanAhead 12-106] *** Exception: ui.h.b: Found deleted key in HTclEventBroker. Verify if the classes listed here call cleanup()
HTclEvent: SIGNAL_BUS_MODIFY   Classes: ui.views.aR 
HTclEvent: SIGNAL_MODIFY   Classes: ui.views.aR 
HTclEvent: DEBUG_PORT_CONFIG_CHANGE   Classes: ui.views.aR 
HTclEvent: DEBUG_CORE_CONFIG_CHANGE   Classes: ui.views.aR 
 (See C:/2020020910019/project_2_01\planAhead_pid4216.debug)
ERROR: [Common 17-39] 'stop_gui' failed due to earlier errors.
INFO: [Common 17-206] Exiting PlanAhead at Thu Feb 06 13:35:58 2003...
INFO: [Common 17-83] Releasing license: PlanAhead
