Copyright 1986-2018 Xilinx, Inc. All Rights Reserved.
------------------------------------------------------------------------------------
| Tool Version : Vivado v.2018.3 (win64) Build 2405991 Thu Dec  6 23:38:27 MST 2018
| Date         : Sun Dec  4 08:54:42 2022
| Host         : LAPTOP-QDED52BL running 64-bit major release  (build 9200)
| Command      : report_clock_utilization -file top_clock_utilization_routed.rpt
| Design       : top
| Device       : 7a35t-ftg256
| Speed File   : -1  PRODUCTION 1.23 2018-06-13
------------------------------------------------------------------------------------

Clock Utilization Report

Table of Contents
-----------------
1. Clock Primitive Utilization
2. Global Clock Resources
3. Global Clock Source Details
4. Local Clock Details
5. Clock Regions: Key Resource Utilization
6. Clock Regions : Global Clock Summary
7. Device Cell Placement Summary for Global Clock g0
8. Device Cell Placement Summary for Global Clock g1
9. Device Cell Placement Summary for Global Clock g2
10. Clock Region Cell Placement per Global Clock: Region X0Y0
11. Clock Region Cell Placement per Global Clock: Region X0Y1

1. Clock Primitive Utilization
------------------------------

+----------+------+-----------+-----+--------------+--------+
| Type     | Used | Available | LOC | Clock Region | Pblock |
+----------+------+-----------+-----+--------------+--------+
| BUFGCTRL |    3 |        32 |   0 |            0 |      0 |
| BUFH     |    0 |        72 |   0 |            0 |      0 |
| BUFIO    |    0 |        20 |   0 |            0 |      0 |
| BUFMR    |    0 |        10 |   0 |            0 |      0 |
| BUFR     |    0 |        20 |   0 |            0 |      0 |
| MMCM     |    0 |         5 |   0 |            0 |      0 |
| PLL      |    0 |         5 |   0 |            0 |      0 |
+----------+------+-----------+-----+--------------+--------+


2. Global Clock Resources
-------------------------

+-----------+-----------+-----------------+------------+----------------+--------------+-------------------+-------------+-----------------+--------------+-------+-------------------------------+------------------------+
| Global Id | Source Id | Driver Type/Pin | Constraint | Site           | Clock Region | Load Clock Region | Clock Loads | Non-Clock Loads | Clock Period | Clock | Driver Pin                    | Net                    |
+-----------+-----------+-----------------+------------+----------------+--------------+-------------------+-------------+-----------------+--------------+-------+-------------------------------+------------------------+
| g0        | src0      | BUFG/O          | None       | BUFGCTRL_X0Y0  | n/a          |                 2 |         247 |               0 |              |       | btnout_BUFG[0]_inst/O         | btnout_BUFG[0]         |
| g1        | src1      | BUFG/O          | None       | BUFGCTRL_X0Y16 | n/a          |                 1 |         136 |               0 |              |       | clk50mhz_IBUF_BUFG_inst/O     | clk50mhz_IBUF_BUFG     |
| g2        | src2      | BUFG/O          | None       | BUFGCTRL_X0Y1  | n/a          |                 2 |          30 |               0 |              |       | tc/clk100hz_reg_0_BUFG_inst/O | tc/clk100hz_reg_0_BUFG |
+-----------+-----------+-----------------+------------+----------------+--------------+-------------------+-------------+-----------------+--------------+-------+-------------------------------+------------------------+
* Clock Loads column represents the clock pin loads (pin count)
** Non-Clock Loads column represents the non-clock pin loads (pin count)


3. Global Clock Source Details
------------------------------

+-----------+-----------+-----------------+------------+--------------+--------------+-------------+-----------------+---------------------+--------------+------------------------------------+------------------------+
| Source Id | Global Id | Driver Type/Pin | Constraint | Site         | Clock Region | Clock Loads | Non-Clock Loads | Source Clock Period | Source Clock | Driver Pin                         | Net                    |
+-----------+-----------+-----------------+------------+--------------+--------------+-------------+-----------------+---------------------+--------------+------------------------------------+------------------------+
| src0      | g0        | LUT3/O          | None       | SLICE_X4Y27  | X0Y0         |           1 |               6 |                     |              | c1/ajxd1/btnout_BUFG[0]_inst_i_1/O | c1/ajxd1/btn1_reg[0]_0 |
| src1      | g1        | IBUF/O          | IOB_X1Y76  | IOB_X1Y76    | X1Y1         |           1 |               0 |                     |              | clk50mhz_IBUF_inst/O               | clk50mhz_IBUF          |
| src2      | g2        | FDRE/Q          | None       | SLICE_X14Y43 | X0Y0         |           1 |               0 |                     |              | tc/clk100hz_reg/Q                  | tc/clk100hz_reg_0      |
+-----------+-----------+-----------------+------------+--------------+--------------+-------------+-----------------+---------------------+--------------+------------------------------------+------------------------+
* Clock Loads column represents the clock pin loads (pin count)
** Non-Clock Loads column represents the non-clock pin loads (pin count)


4. Local Clock Details
----------------------

+----------+-----------------+------------+------------------+--------------+-------------+-----------------+--------------+-------+-------------------------+-----------------------+
| Local Id | Driver Type/Pin | Constraint | Site/BEL         | Clock Region | Clock Loads | Non-Clock Loads | Clock Period | Clock | Driver Pin              | Net                   |
+----------+-----------------+------------+------------------+--------------+-------------+-----------------+--------------+-------+-------------------------+-----------------------||
| 0        | FDRE/Q          | None       | SLICE_X1Y27/CFF  | X0Y0         |           9 |               0 |              |       | c1/ajxd1/clk_20ms_reg/Q | c1/ajxd1/clk_20ms     - Static -
| 1        | FDCE/Q          | None       | SLICE_X6Y45/AFF  | X0Y0         |           5 |               0 |              |       | cm1/cnt1/upper2_reg/Q   | cm1/cnt1/CLK          - Static -
| 2        | FDCE/Q          | None       | SLICE_X4Y43/B5FF | X0Y0         |           5 |               0 |              |       | cm1/cnt2/upper2_reg/Q   | cm1/cnt2/CLK          - Static -
| 3        | FDCE/Q          | None       | SLICE_X2Y47/B5FF | X0Y0         |           5 |               0 |              |       | cm1/cnt3/upper2_reg/Q   | cm1/cnt3/CLK          - Static -
| 4        | FDCE/Q          | None       | SLICE_X5Y48/B5FF | X0Y0         |           5 |               0 |              |       | cm1/cnt4/upper2_reg/Q   | cm1/cnt4/CLK          - Static -
| 5        | FDCE/Q          | None       | SLICE_X2Y51/A5FF | X0Y1         |           4 |               0 |              |       | cm1/cnt5/upper2_reg/Q   | cm1/cnt5/upper2_reg_0 - Static -
| 6        | FDRE/Q          | None       | SLICE_X7Y42/A5FF | X0Y0         |           4 |               1 |              |       | tc/clk5hz_reg/Q         | tc/clk5hz_reg_0       - Static -
| 7        | FDRE/Q          | None       | SLICE_X7Y42/AFF  | X0Y0         |           3 |               1 |              |       | tc/clk10khz_reg/Q       | tc/CLK                - Static -
+----------+-----------------+------------+------------------+--------------+-------------+-----------------+--------------+-------+-------------------------+-----------------------||
* Local Clocks in this context represents only clocks driven by non-global buffers
** Clock Loads column represents the clock pin loads (pin count)
*** Non-Clock Loads column represents the non-clock pin loads (pin count)


5. Clock Regions: Key Resource Utilization
------------------------------------------

+-------------------+--------------+--------------+--------------+--------------+--------------+--------------+--------------+--------------+--------------+--------------+--------------+--------------+--------------+--------------+--------------+
|                   | Global Clock |     BUFRs    |    BUFMRs    |    BUFIOs    |     MMCM     |      PLL     |      GT      |      PCI     |    ILOGIC    |    OLOGIC    |      FF      |     LUTM     |    RAMB18    |    RAMB36    |    DSP48E2   |
+-------------------+------+-------+------+-------+------+-------+------+-------+------+-------+------+-------+------+-------+------+-------+------+-------+------+-------+------+-------+------+-------+------+-------+------+-------+------+-------+
| Clock Region Name | Used | Avail | Used | Avail | Used | Avail | Used | Avail | Used | Avail | Used | Avail | Used | Avail | Used | Avail | Used | Avail | Used | Avail | Used | Avail | Used | Avail | Used | Avail | Used | Avail | Used | Avail |
+-------------------+------+-------+------+-------+------+-------+------+-------+------+-------+------+-------+------+-------+------+-------+------+-------+------+-------+------+-------+------+-------+------+-------+------+-------+------+-------+
| X0Y0              |    3 |    12 |    0 |     4 |    0 |     2 |    0 |     4 |    0 |     1 |    0 |     1 |    0 |     0 |    0 |     0 |    0 |    50 |    0 |    50 |  314 |  1200 |  136 |   400 |    0 |    20 |    0 |    10 |    0 |    20 |
| X1Y0              |    0 |    12 |    0 |     4 |    0 |     2 |    0 |     4 |    0 |     1 |    0 |     1 |    0 |     0 |    0 |     0 |    0 |    50 |    0 |    50 |    0 |  1500 |    0 |   450 |    0 |    40 |    0 |    20 |    0 |    20 |
| X0Y1              |    2 |    12 |    0 |     4 |    0 |     2 |    0 |     4 |    0 |     1 |    0 |     1 |    0 |     0 |    0 |     0 |    0 |    50 |    0 |    50 |  139 |  1200 |   47 |   400 |    0 |    20 |    0 |    10 |    0 |    20 |
| X1Y1              |    0 |    12 |    0 |     4 |    0 |     2 |    0 |     4 |    0 |     1 |    0 |     1 |    0 |     0 |    0 |     0 |    0 |    50 |    0 |    50 |    0 |  1500 |    0 |   450 |    0 |    40 |    0 |    20 |    0 |    20 |
| X0Y2              |    0 |    12 |    0 |     4 |    0 |     2 |    0 |     4 |    0 |     1 |    0 |     1 |    0 |     0 |    0 |     0 |    0 |    50 |    0 |    50 |    0 |  1800 |    0 |   400 |    0 |    20 |    0 |    10 |    0 |    20 |
| X1Y2              |    0 |    12 |    0 |     0 |    0 |     0 |    0 |     0 |    0 |     0 |    0 |     0 |    0 |     4 |    0 |     1 |    0 |     0 |    0 |     0 |    0 |   950 |    0 |   300 |    0 |    10 |    0 |     5 |    0 |    20 |
+-------------------+------+-------+------+-------+------+-------+------+-------+------+-------+------+-------+------+-------+------+-------+------+-------+------+-------+------+-------+------+-------+------+-------+------+-------+------+-------+
* Global Clock column represents track count; while other columns represents cell counts


6. Clock Regions : Global Clock Summary
---------------------------------------

All Modules
+----+----+----+
|    | X0 | X1 |
+----+----+----+
| Y2 |  0 |  0 |
| Y1 |  2 |  0 |
| Y0 |  3 |  0 |
+----+----+----+


7. Device Cell Placement Summary for Global Clock g0
----------------------------------------------------

+-----------+-----------------+-------------------+-------+-------------+---------------+-------------+----------+----------------+----------+----------------+
| Global Id | Driver Type/Pin | Driver Region (D) | Clock | Period (ns) | Waveform (ns) | Slice Loads | IO Loads | Clocking Loads | GT Loads | Net            |
+-----------+-----------------+-------------------+-------+-------------+---------------+-------------+----------+----------------+----------+----------------+
| g0        | BUFG/O          | n/a               |       |             |               |         247 |        0 |              0 |        0 | btnout_BUFG[0] |
+-----------+-----------------+-------------------+-------+-------------+---------------+-------------+----------+----------------+----------+----------------+
* Logic Loads column represents load cell count of all cell types other than IO, GT and clock resources
** IO Loads column represents load cell count of IO types
*** Clocking Loads column represents load cell count that are clock resources (global clock buffer, MMCM, PLL, etc)
**** GT Loads column represents load cell count of GT types


+----+------+----+
|    | X0   | X1 |
+----+------+----+
| Y2 |    0 |  0 |
| Y1 |  129 |  0 |
| Y0 |  118 |  0 |
+----+------+----+


8. Device Cell Placement Summary for Global Clock g1
----------------------------------------------------

+-----------+-----------------+-------------------+-------+-------------+---------------+-------------+----------+----------------+----------+--------------------+
| Global Id | Driver Type/Pin | Driver Region (D) | Clock | Period (ns) | Waveform (ns) | Slice Loads | IO Loads | Clocking Loads | GT Loads | Net                |
+-----------+-----------------+-------------------+-------+-------------+---------------+-------------+----------+----------------+----------+--------------------+
| g1        | BUFG/O          | n/a               |       |             |               |         136 |        0 |              0 |        0 | clk50mhz_IBUF_BUFG |
+-----------+-----------------+-------------------+-------+-------------+---------------+-------------+----------+----------------+----------+--------------------+
* Logic Loads column represents load cell count of all cell types other than IO, GT and clock resources
** IO Loads column represents load cell count of IO types
*** Clocking Loads column represents load cell count that are clock resources (global clock buffer, MMCM, PLL, etc)
**** GT Loads column represents load cell count of GT types


+----+------+----+
|    | X0   | X1 |
+----+------+----+
| Y2 |    0 |  0 |
| Y1 |    0 |  0 |
| Y0 |  136 |  0 |
+----+------+----+


9. Device Cell Placement Summary for Global Clock g2
----------------------------------------------------

+-----------+-----------------+-------------------+-------+-------------+---------------+-------------+----------+----------------+----------+------------------------+
| Global Id | Driver Type/Pin | Driver Region (D) | Clock | Period (ns) | Waveform (ns) | Slice Loads | IO Loads | Clocking Loads | GT Loads | Net                    |
+-----------+-----------------+-------------------+-------+-------------+---------------+-------------+----------+----------------+----------+------------------------+
| g2        | BUFG/O          | n/a               |       |             |               |          30 |        0 |              0 |        0 | tc/clk100hz_reg_0_BUFG |
+-----------+-----------------+-------------------+-------+-------------+---------------+-------------+----------+----------------+----------+------------------------+
* Logic Loads column represents load cell count of all cell types other than IO, GT and clock resources
** IO Loads column represents load cell count of IO types
*** Clocking Loads column represents load cell count that are clock resources (global clock buffer, MMCM, PLL, etc)
**** GT Loads column represents load cell count of GT types


+----+-----+----+
|    | X0  | X1 |
+----+-----+----+
| Y2 |   0 |  0 |
| Y1 |   1 |  0 |
| Y0 |  29 |  0 |
+----+-----+----+


10. Clock Region Cell Placement per Global Clock: Region X0Y0
-------------------------------------------------------------

+-----------+-------+-----------------+------------+-------------+-----------------+-----+--------+------+-----+----+------+-----+---------+------------------------+
| Global Id | Track | Driver Type/Pin | Constraint | Clock Loads | Non-Clock Loads | FF  | LUTRAM | RAMB | DSP | GT | MMCM | PLL | Hard IP | Net                    |
+-----------+-------+-----------------+------------+-------------+-----------------+-----+--------+------+-----+----+------+-----+---------+------------------------+
| g0        | n/a   | BUFG/O          | None       |         118 |               0 | 118 |      0 |    0 |   0 |  0 |    0 |   0 |       0 | btnout_BUFG[0]         |
| g1        | n/a   | BUFG/O          | None       |         136 |               0 | 136 |      0 |    0 |   0 |  0 |    0 |   0 |       0 | clk50mhz_IBUF_BUFG     |
| g2        | n/a   | BUFG/O          | None       |          29 |               0 |  29 |      0 |    0 |   0 |  0 |    0 |   0 |       0 | tc/clk100hz_reg_0_BUFG |
+-----------+-------+-----------------+------------+-------------+-----------------+-----+--------+------+-----+----+------+-----+---------+------------------------+
* Clock Loads column represents the clock pin loads (pin count)
** Non-Clock Loads column represents the non-clock pin loads (pin count)
*** Columns FF, LUTRAM, RAMB through 'Hard IP' represents load cell counts


11. Clock Region Cell Placement per Global Clock: Region X0Y1
-------------------------------------------------------------

+-----------+-------+-----------------+------------+-------------+-----------------+-----+--------+------+-----+----+------+-----+---------+------------------------+
| Global Id | Track | Driver Type/Pin | Constraint | Clock Loads | Non-Clock Loads | FF  | LUTRAM | RAMB | DSP | GT | MMCM | PLL | Hard IP | Net                    |
+-----------+-------+-----------------+------------+-------------+-----------------+-----+--------+------+-----+----+------+-----+---------+------------------------+
| g0        | n/a   | BUFG/O          | None       |         129 |               0 | 129 |      0 |    0 |   0 |  0 |    0 |   0 |       0 | btnout_BUFG[0]         |
| g2        | n/a   | BUFG/O          | None       |           1 |               0 |   1 |      0 |    0 |   0 |  0 |    0 |   0 |       0 | tc/clk100hz_reg_0_BUFG |
+-----------+-------+-----------------+------------+-------------+-----------------+-----+--------+------+-----+----+------+-----+---------+------------------------+
* Clock Loads column represents the clock pin loads (pin count)
** Non-Clock Loads column represents the non-clock pin loads (pin count)
*** Columns FF, LUTRAM, RAMB through 'Hard IP' represents load cell counts



# Location of BUFG Primitives 
set_property LOC BUFGCTRL_X0Y1 [get_cells tc/clk100hz_reg_0_BUFG_inst]
set_property LOC BUFGCTRL_X0Y16 [get_cells clk50mhz_IBUF_BUFG_inst]
set_property LOC BUFGCTRL_X0Y0 [get_cells btnout_BUFG[0]_inst]

# Location of IO Primitives which is load of clock spine

# Location of clock ports
set_property LOC IOB_X1Y76 [get_ports clk50mhz]

# Clock net "tc/clk100hz_reg_0_BUFG" driven by instance "tc/clk100hz_reg_0_BUFG_inst" located at site "BUFGCTRL_X0Y1"
#startgroup
create_pblock {CLKAG_tc/clk100hz_reg_0_BUFG}
add_cells_to_pblock [get_pblocks  {CLKAG_tc/clk100hz_reg_0_BUFG}] [get_cells -filter { PRIMITIVE_GROUP != I/O && IS_PRIMITIVE==1 && PRIMITIVE_LEVEL !=INTERNAL } -of_object [get_pins -filter {DIRECTION==IN} -of_objects [get_nets -hierarchical -filter {PARENT=="tc/clk100hz_reg_0_BUFG"}]]]
resize_pblock [get_pblocks {CLKAG_tc/clk100hz_reg_0_BUFG}] -add {CLOCKREGION_X0Y0:CLOCKREGION_X0Y0 CLOCKREGION_X0Y1:CLOCKREGION_X0Y1}
#endgroup

# Clock net "clk50mhz_IBUF_BUFG" driven by instance "clk50mhz_IBUF_BUFG_inst" located at site "BUFGCTRL_X0Y16"
#startgroup
create_pblock {CLKAG_clk50mhz_IBUF_BUFG}
add_cells_to_pblock [get_pblocks  {CLKAG_clk50mhz_IBUF_BUFG}] [get_cells -filter { PRIMITIVE_GROUP != I/O && IS_PRIMITIVE==1 && PRIMITIVE_LEVEL !=INTERNAL } -of_object [get_pins -filter {DIRECTION==IN} -of_objects [get_nets -hierarchical -filter {PARENT=="clk50mhz_IBUF_BUFG"}]]]
resize_pblock [get_pblocks {CLKAG_clk50mhz_IBUF_BUFG}] -add {CLOCKREGION_X0Y0:CLOCKREGION_X0Y0}
#endgroup

# Clock net "btnout_BUFG[0]" driven by instance "btnout_BUFG[0]_inst" located at site "BUFGCTRL_X0Y0"
#startgroup
create_pblock {CLKAG_btnout_BUFG[0]}
add_cells_to_pblock [get_pblocks  {CLKAG_btnout_BUFG[0]}] [get_cells -filter { PRIMITIVE_GROUP != I/O && IS_PRIMITIVE==1 && PRIMITIVE_LEVEL !=INTERNAL } -of_object [get_pins -filter {DIRECTION==IN} -of_objects [get_nets -hierarchical -filter {PARENT=="btnout_BUFG[0]"}]]]
resize_pblock [get_pblocks {CLKAG_btnout_BUFG[0]}] -add {CLOCKREGION_X0Y0:CLOCKREGION_X0Y0 CLOCKREGION_X0Y1:CLOCKREGION_X0Y1}
#endgroup
